Build started 9/23/2020 3:33:48 PM.
     1>Project "D:\final\usedDeFune6\usedDeFune6\usedDeFune6.vcxproj" on node 2 (build target(s)).
     1>InitializeBuildStatus:
         Creating "Debug\usedDeFune6.unsuccessfulbuild" because "AlwaysCreate" was specified.
       ClCompile:
         C:\Program Files (x86)\Microsoft Visual Studio 10.0\VC\bin\CL.exe /c /ZI /nologo /W3 /WX- /Od /Oy- /D WIN32 /D _DEBUG /D _CONSOLE /D _UNICODE /D UNICODE /Gm /EHsc /RTC1 /MDd /GS /fp:precise /Zc:wchar_t /Zc:forScope /Fo"Debug\\" /Fd"Debug\vc100.pdb" /Gd /TP /analyze- /errorReport:prompt usedDefine.cpp
         usedDefine.cpp
     1>d:\final\useddefune6\useddefune6\useddefine.cpp(88): warning C4244: 'return' : conversion from 'double' to 'float', possible loss of data
       ManifestResourceCompile:
         All outputs are up-to-date.
       Link:
         C:\Program Files (x86)\Microsoft Visual Studio 10.0\VC\bin\link.exe /ERRORREPORT:PROMPT /OUT:"D:\final\usedDeFune6\Debug\usedDeFune6.exe" /INCREMENTAL /NOLOGO kernel32.lib user32.lib gdi32.lib winspool.lib comdlg32.lib advapi32.lib shell32.lib ole32.lib oleaut32.lib uuid.lib odbc32.lib odbccp32.lib /MANIFEST /ManifestFile:"Debug\usedDeFune6.exe.intermediate.manifest" /MANIFESTUAC:"level='asInvoker' uiAccess='false'" /DEBUG /PDB:"D:\final\usedDeFune6\Debug\usedDeFune6.pdb" /SUBSYSTEM:CONSOLE /TLBID:1 /DYNAMICBASE /NXCOMPAT /IMPLIB:"D:\final\usedDeFune6\Debug\usedDeFune6.lib" /MACHINE:X86 Debug\usedDeFune6.exe.embed.manifest.res
         Debug\usedDefine.obj
       Manifest:
         C:\Program Files (x86)\Microsoft SDKs\Windows\v7.0A\bin\mt.exe /nologo /verbose /out:"Debug\usedDeFune6.exe.embed.manifest" /manifest Debug\usedDeFune6.exe.intermediate.manifest
         All outputs are up-to-date.
       LinkEmbedManifest:
         All outputs are up-to-date.
         usedDeFune6.vcxproj -> D:\final\usedDeFune6\Debug\usedDeFune6.exe
       FinalizeBuildStatus:
         Deleting file "Debug\usedDeFune6.unsuccessfulbuild".
         Touching "Debug\usedDeFune6.lastbuildstate".
     1>Done Building Project "D:\final\usedDeFune6\usedDeFune6\usedDeFune6.vcxproj" (build target(s)).

Build succeeded.

Time Elapsed 00:00:00.78
